[2014.03.11 10:58:53] (Coverage): Error during class instrumentation: com.esotericsoftware.kryonet.FrameworkMessage$RegisterTCPFieldAccess
java.lang.ArrayIndexOutOfBoundsException: 5
	at org.jetbrains.asm4.ClassReader.a(Unknown Source)
	at org.jetbrains.asm4.ClassReader.accept(Unknown Source)
	at org.jetbrains.asm4.ClassReader.accept(Unknown Source)
	at com.intellij.rt.coverage.instrumentation.Instrumentator.instrument(Instrumentator.java:158)
	at com.intellij.rt.coverage.instrumentation.Instrumentator.access$000(Instrumentator.java:30)
	at com.intellij.rt.coverage.instrumentation.Instrumentator$1.transform(Instrumentator.java:114)
	at sun.instrument.TransformerManager.transform(TransformerManager.java:188)
	at sun.instrument.InstrumentationImpl.transform(InstrumentationImpl.java:424)
	at java.lang.ClassLoader.defineClass1(Native Method)
	at java.lang.ClassLoader.defineClass(ClassLoader.java:791)
	at java.lang.ClassLoader.defineClass(ClassLoader.java:634)
	at sun.reflect.NativeMethodAccessorImpl.invoke0(Native Method)
	at sun.reflect.NativeMethodAccessorImpl.invoke(NativeMethodAccessorImpl.java:57)
	at sun.reflect.DelegatingMethodAccessorImpl.invoke(DelegatingMethodAccessorImpl.java:43)
	at java.lang.reflect.Method.invoke(Method.java:601)
	at com.esotericsoftware.reflectasm.AccessClassLoader.defineClass(AccessClassLoader.java:42)
	at com.esotericsoftware.reflectasm.FieldAccess.get(FieldAccess.java:130)
	at com.esotericsoftware.kryo.serializers.FieldSerializer.rebuildCachedFields(FieldSerializer.java:104)
	at com.esotericsoftware.kryo.serializers.FieldSerializer.<init>(FieldSerializer.java:50)
	at sun.reflect.NativeConstructorAccessorImpl.newInstance0(Native Method)
	at sun.reflect.NativeConstructorAccessorImpl.newInstance(NativeConstructorAccessorImpl.java:57)
	at sun.reflect.DelegatingConstructorAccessorImpl.newInstance(DelegatingConstructorAccessorImpl.java:45)
	at java.lang.reflect.Constructor.newInstance(Constructor.java:525)
	at com.esotericsoftware.kryo.Kryo.newSerializer(Kryo.java:324)
	at com.esotericsoftware.kryo.Kryo.newDefaultSerializer(Kryo.java:316)
	at com.esotericsoftware.kryo.Kryo.getDefaultSerializer(Kryo.java:309)
	at com.esotericsoftware.kryo.Kryo.register(Kryo.java:353)
	at com.esotericsoftware.kryonet.KryoSerialization.<init>(KryoSerialization.java:33)
	at com.esotericsoftware.kryonet.KryoSerialization.<init>(KryoSerialization.java:25)
	at com.esotericsoftware.kryonet.Client.<init>(Client.java:75)
	at com.esotericsoftware.kryonet.Client.<init>(Client.java:57)
	at framework.network.HexClient.<init>(HexClient.java:26)
	at entrypoint.hexagon_maps.<init>(hexagon_maps.java:13)
	at sun.reflect.NativeConstructorAccessorImpl.newInstance0(Native Method)
	at sun.reflect.NativeConstructorAccessorImpl.newInstance(NativeConstructorAccessorImpl.java:57)
	at sun.reflect.DelegatingConstructorAccessorImpl.newInstance(DelegatingConstructorAccessorImpl.java:45)
	at java.lang.reflect.Constructor.newInstance(Constructor.java:525)
	at java.lang.Class.newInstance0(Class.java:372)
	at java.lang.Class.newInstance(Class.java:325)
	at processing.core.PApplet.runSketch(PApplet.java:10571)
	at processing.core.PApplet.main(PApplet.java:10377)
	at entrypoint.hexagon_maps.main(hexagon_maps.java:57)
	at sun.reflect.NativeMethodAccessorImpl.invoke0(Native Method)
	at sun.reflect.NativeMethodAccessorImpl.invoke(NativeMethodAccessorImpl.java:57)
	at sun.reflect.DelegatingMethodAccessorImpl.invoke(DelegatingMethodAccessorImpl.java:43)
	at java.lang.reflect.Method.invoke(Method.java:601)
	at com.intellij.rt.execution.application.AppMain.main(AppMain.java:120)
[2014.03.11 10:58:53] (Coverage): Error during class instrumentation: com.esotericsoftware.kryonet.FrameworkMessage$RegisterUDPFieldAccess
java.lang.ArrayIndexOutOfBoundsException: 5
	at org.jetbrains.asm4.ClassReader.a(Unknown Source)
	at org.jetbrains.asm4.ClassReader.accept(Unknown Source)
	at org.jetbrains.asm4.ClassReader.accept(Unknown Source)
	at com.intellij.rt.coverage.instrumentation.Instrumentator.instrument(Instrumentator.java:158)
	at com.intellij.rt.coverage.instrumentation.Instrumentator.access$000(Instrumentator.java:30)
	at com.intellij.rt.coverage.instrumentation.Instrumentator$1.transform(Instrumentator.java:114)
	at sun.instrument.TransformerManager.transform(TransformerManager.java:188)
	at sun.instrument.InstrumentationImpl.transform(InstrumentationImpl.java:424)
	at java.lang.ClassLoader.defineClass1(Native Method)
	at java.lang.ClassLoader.defineClass(ClassLoader.java:791)
	at java.lang.ClassLoader.defineClass(ClassLoader.java:634)
	at sun.reflect.NativeMethodAccessorImpl.invoke0(Native Method)
	at sun.reflect.NativeMethodAccessorImpl.invoke(NativeMethodAccessorImpl.java:57)
	at sun.reflect.DelegatingMethodAccessorImpl.invoke(DelegatingMethodAccessorImpl.java:43)
	at java.lang.reflect.Method.invoke(Method.java:601)
	at com.esotericsoftware.reflectasm.AccessClassLoader.defineClass(AccessClassLoader.java:42)
	at com.esotericsoftware.reflectasm.FieldAccess.get(FieldAccess.java:130)
	at com.esotericsoftware.kryo.serializers.FieldSerializer.rebuildCachedFields(FieldSerializer.java:104)
	at com.esotericsoftware.kryo.serializers.FieldSerializer.<init>(FieldSerializer.java:50)
	at sun.reflect.NativeConstructorAccessorImpl.newInstance0(Native Method)
	at sun.reflect.NativeConstructorAccessorImpl.newInstance(NativeConstructorAccessorImpl.java:57)
	at sun.reflect.DelegatingConstructorAccessorImpl.newInstance(DelegatingConstructorAccessorImpl.java:45)
	at java.lang.reflect.Constructor.newInstance(Constructor.java:525)
	at com.esotericsoftware.kryo.Kryo.newSerializer(Kryo.java:324)
	at com.esotericsoftware.kryo.Kryo.newDefaultSerializer(Kryo.java:316)
	at com.esotericsoftware.kryo.Kryo.getDefaultSerializer(Kryo.java:309)
	at com.esotericsoftware.kryo.Kryo.register(Kryo.java:353)
	at com.esotericsoftware.kryonet.KryoSerialization.<init>(KryoSerialization.java:34)
	at com.esotericsoftware.kryonet.KryoSerialization.<init>(KryoSerialization.java:25)
	at com.esotericsoftware.kryonet.Client.<init>(Client.java:75)
	at com.esotericsoftware.kryonet.Client.<init>(Client.java:57)
	at framework.network.HexClient.<init>(HexClient.java:26)
	at entrypoint.hexagon_maps.<init>(hexagon_maps.java:13)
	at sun.reflect.NativeConstructorAccessorImpl.newInstance0(Native Method)
	at sun.reflect.NativeConstructorAccessorImpl.newInstance(NativeConstructorAccessorImpl.java:57)
	at sun.reflect.DelegatingConstructorAccessorImpl.newInstance(DelegatingConstructorAccessorImpl.java:45)
	at java.lang.reflect.Constructor.newInstance(Constructor.java:525)
	at java.lang.Class.newInstance0(Class.java:372)
	at java.lang.Class.newInstance(Class.java:325)
	at processing.core.PApplet.runSketch(PApplet.java:10571)
	at processing.core.PApplet.main(PApplet.java:10377)
	at entrypoint.hexagon_maps.main(hexagon_maps.java:57)
	at sun.reflect.NativeMethodAccessorImpl.invoke0(Native Method)
	at sun.reflect.NativeMethodAccessorImpl.invoke(NativeMethodAccessorImpl.java:57)
	at sun.reflect.DelegatingMethodAccessorImpl.invoke(DelegatingMethodAccessorImpl.java:43)
	at java.lang.reflect.Method.invoke(Method.java:601)
	at com.intellij.rt.execution.application.AppMain.main(AppMain.java:120)
[2014.03.11 10:58:53] (Coverage): Error during class instrumentation: com.esotericsoftware.kryonet.FrameworkMessage$PingFieldAccess
java.lang.ArrayIndexOutOfBoundsException: 3
	at org.jetbrains.asm4.ClassReader.a(Unknown Source)
	at org.jetbrains.asm4.ClassReader.accept(Unknown Source)
	at org.jetbrains.asm4.ClassReader.accept(Unknown Source)
	at com.intellij.rt.coverage.instrumentation.Instrumentator.instrument(Instrumentator.java:158)
	at com.intellij.rt.coverage.instrumentation.Instrumentator.access$000(Instrumentator.java:30)
	at com.intellij.rt.coverage.instrumentation.Instrumentator$1.transform(Instrumentator.java:114)
	at sun.instrument.TransformerManager.transform(TransformerManager.java:188)
	at sun.instrument.InstrumentationImpl.transform(InstrumentationImpl.java:424)
	at java.lang.ClassLoader.defineClass1(Native Method)
	at java.lang.ClassLoader.defineClass(ClassLoader.java:791)
	at java.lang.ClassLoader.defineClass(ClassLoader.java:634)
	at sun.reflect.NativeMethodAccessorImpl.invoke0(Native Method)
	at sun.reflect.NativeMethodAccessorImpl.invoke(NativeMethodAccessorImpl.java:57)
	at sun.reflect.DelegatingMethodAccessorImpl.invoke(DelegatingMethodAccessorImpl.java:43)
	at java.lang.reflect.Method.invoke(Method.java:601)
	at com.esotericsoftware.reflectasm.AccessClassLoader.defineClass(AccessClassLoader.java:42)
	at com.esotericsoftware.reflectasm.FieldAccess.get(FieldAccess.java:130)
	at com.esotericsoftware.kryo.serializers.FieldSerializer.rebuildCachedFields(FieldSerializer.java:104)
	at com.esotericsoftware.kryo.serializers.FieldSerializer.<init>(FieldSerializer.java:50)
	at sun.reflect.NativeConstructorAccessorImpl.newInstance0(Native Method)
	at sun.reflect.NativeConstructorAccessorImpl.newInstance(NativeConstructorAccessorImpl.java:57)
	at sun.reflect.DelegatingConstructorAccessorImpl.newInstance(DelegatingConstructorAccessorImpl.java:45)
	at java.lang.reflect.Constructor.newInstance(Constructor.java:525)
	at com.esotericsoftware.kryo.Kryo.newSerializer(Kryo.java:324)
	at com.esotericsoftware.kryo.Kryo.newDefaultSerializer(Kryo.java:316)
	at com.esotericsoftware.kryo.Kryo.getDefaultSerializer(Kryo.java:309)
	at com.esotericsoftware.kryo.Kryo.register(Kryo.java:353)
	at com.esotericsoftware.kryonet.KryoSerialization.<init>(KryoSerialization.java:37)
	at com.esotericsoftware.kryonet.KryoSerialization.<init>(KryoSerialization.java:25)
	at com.esotericsoftware.kryonet.Client.<init>(Client.java:75)
	at com.esotericsoftware.kryonet.Client.<init>(Client.java:57)
	at framework.network.HexClient.<init>(HexClient.java:26)
	at entrypoint.hexagon_maps.<init>(hexagon_maps.java:13)
	at sun.reflect.NativeConstructorAccessorImpl.newInstance0(Native Method)
	at sun.reflect.NativeConstructorAccessorImpl.newInstance(NativeConstructorAccessorImpl.java:57)
	at sun.reflect.DelegatingConstructorAccessorImpl.newInstance(DelegatingConstructorAccessorImpl.java:45)
	at java.lang.reflect.Constructor.newInstance(Constructor.java:525)
	at java.lang.Class.newInstance0(Class.java:372)
	at java.lang.Class.newInstance(Class.java:325)
	at processing.core.PApplet.runSketch(PApplet.java:10571)
	at processing.core.PApplet.main(PApplet.java:10377)
	at entrypoint.hexagon_maps.main(hexagon_maps.java:57)
	at sun.reflect.NativeMethodAccessorImpl.invoke0(Native Method)
	at sun.reflect.NativeMethodAccessorImpl.invoke(NativeMethodAccessorImpl.java:57)
	at sun.reflect.DelegatingMethodAccessorImpl.invoke(DelegatingMethodAccessorImpl.java:43)
	at java.lang.reflect.Method.invoke(Method.java:601)
	at com.intellij.rt.execution.application.AppMain.main(AppMain.java:120)
[2014.03.11 10:58:53] (Coverage): Error during class instrumentation: exchanges.SomeRequestFieldAccess
java.lang.ArrayIndexOutOfBoundsException: 5
	at org.jetbrains.asm4.ClassReader.a(Unknown Source)
	at org.jetbrains.asm4.ClassReader.accept(Unknown Source)
	at org.jetbrains.asm4.ClassReader.accept(Unknown Source)
	at com.intellij.rt.coverage.instrumentation.Instrumentator.instrument(Instrumentator.java:158)
	at com.intellij.rt.coverage.instrumentation.Instrumentator.access$000(Instrumentator.java:30)
	at com.intellij.rt.coverage.instrumentation.Instrumentator$1.transform(Instrumentator.java:114)
	at sun.instrument.TransformerManager.transform(TransformerManager.java:188)
	at sun.instrument.InstrumentationImpl.transform(InstrumentationImpl.java:424)
	at java.lang.ClassLoader.defineClass1(Native Method)
	at java.lang.ClassLoader.defineClass(ClassLoader.java:791)
	at java.lang.ClassLoader.defineClass(ClassLoader.java:634)
	at sun.reflect.NativeMethodAccessorImpl.invoke0(Native Method)
	at sun.reflect.NativeMethodAccessorImpl.invoke(NativeMethodAccessorImpl.java:57)
	at sun.reflect.DelegatingMethodAccessorImpl.invoke(DelegatingMethodAccessorImpl.java:43)
	at java.lang.reflect.Method.invoke(Method.java:601)
	at com.esotericsoftware.reflectasm.AccessClassLoader.defineClass(AccessClassLoader.java:42)
	at com.esotericsoftware.reflectasm.FieldAccess.get(FieldAccess.java:130)
	at com.esotericsoftware.kryo.serializers.FieldSerializer.rebuildCachedFields(FieldSerializer.java:104)
	at com.esotericsoftware.kryo.serializers.FieldSerializer.<init>(FieldSerializer.java:50)
	at sun.reflect.NativeConstructorAccessorImpl.newInstance0(Native Method)
	at sun.reflect.NativeConstructorAccessorImpl.newInstance(NativeConstructorAccessorImpl.java:57)
	at sun.reflect.DelegatingConstructorAccessorImpl.newInstance(DelegatingConstructorAccessorImpl.java:45)
	at java.lang.reflect.Constructor.newInstance(Constructor.java:525)
	at com.esotericsoftware.kryo.Kryo.newSerializer(Kryo.java:324)
	at com.esotericsoftware.kryo.Kryo.newDefaultSerializer(Kryo.java:316)
	at com.esotericsoftware.kryo.Kryo.getDefaultSerializer(Kryo.java:309)
	at com.esotericsoftware.kryo.Kryo.register(Kryo.java:353)
	at support.Registry.register(Registry.java:13)
	at framework.network.HexClient.<init>(HexClient.java:29)
	at entrypoint.hexagon_maps.<init>(hexagon_maps.java:13)
	at sun.reflect.NativeConstructorAccessorImpl.newInstance0(Native Method)
	at sun.reflect.NativeConstructorAccessorImpl.newInstance(NativeConstructorAccessorImpl.java:57)
	at sun.reflect.DelegatingConstructorAccessorImpl.newInstance(DelegatingConstructorAccessorImpl.java:45)
	at java.lang.reflect.Constructor.newInstance(Constructor.java:525)
	at java.lang.Class.newInstance0(Class.java:372)
	at java.lang.Class.newInstance(Class.java:325)
	at processing.core.PApplet.runSketch(PApplet.java:10571)
	at processing.core.PApplet.main(PApplet.java:10377)
	at entrypoint.hexagon_maps.main(hexagon_maps.java:57)
	at sun.reflect.NativeMethodAccessorImpl.invoke0(Native Method)
	at sun.reflect.NativeMethodAccessorImpl.invoke(NativeMethodAccessorImpl.java:57)
	at sun.reflect.DelegatingMethodAccessorImpl.invoke(DelegatingMethodAccessorImpl.java:43)
	at java.lang.reflect.Method.invoke(Method.java:601)
	at com.intellij.rt.execution.application.AppMain.main(AppMain.java:120)
[2014.03.11 10:58:54] (Coverage): Error during class instrumentation: exchanges.SomeResponseFieldAccess
java.lang.ArrayIndexOutOfBoundsException: 5
	at org.jetbrains.asm4.ClassReader.a(Unknown Source)
	at org.jetbrains.asm4.ClassReader.accept(Unknown Source)
	at org.jetbrains.asm4.ClassReader.accept(Unknown Source)
	at com.intellij.rt.coverage.instrumentation.Instrumentator.instrument(Instrumentator.java:158)
	at com.intellij.rt.coverage.instrumentation.Instrumentator.access$000(Instrumentator.java:30)
	at com.intellij.rt.coverage.instrumentation.Instrumentator$1.transform(Instrumentator.java:114)
	at sun.instrument.TransformerManager.transform(TransformerManager.java:188)
	at sun.instrument.InstrumentationImpl.transform(InstrumentationImpl.java:424)
	at java.lang.ClassLoader.defineClass1(Native Method)
	at java.lang.ClassLoader.defineClass(ClassLoader.java:791)
	at java.lang.ClassLoader.defineClass(ClassLoader.java:634)
	at sun.reflect.NativeMethodAccessorImpl.invoke0(Native Method)
	at sun.reflect.NativeMethodAccessorImpl.invoke(NativeMethodAccessorImpl.java:57)
	at sun.reflect.DelegatingMethodAccessorImpl.invoke(DelegatingMethodAccessorImpl.java:43)
	at java.lang.reflect.Method.invoke(Method.java:601)
	at com.esotericsoftware.reflectasm.AccessClassLoader.defineClass(AccessClassLoader.java:42)
	at com.esotericsoftware.reflectasm.FieldAccess.get(FieldAccess.java:130)
	at com.esotericsoftware.kryo.serializers.FieldSerializer.rebuildCachedFields(FieldSerializer.java:104)
	at com.esotericsoftware.kryo.serializers.FieldSerializer.<init>(FieldSerializer.java:50)
	at sun.reflect.NativeConstructorAccessorImpl.newInstance0(Native Method)
	at sun.reflect.NativeConstructorAccessorImpl.newInstance(NativeConstructorAccessorImpl.java:57)
	at sun.reflect.DelegatingConstructorAccessorImpl.newInstance(DelegatingConstructorAccessorImpl.java:45)
	at java.lang.reflect.Constructor.newInstance(Constructor.java:525)
	at com.esotericsoftware.kryo.Kryo.newSerializer(Kryo.java:324)
	at com.esotericsoftware.kryo.Kryo.newDefaultSerializer(Kryo.java:316)
	at com.esotericsoftware.kryo.Kryo.getDefaultSerializer(Kryo.java:309)
	at com.esotericsoftware.kryo.Kryo.register(Kryo.java:353)
	at support.Registry.register(Registry.java:14)
	at framework.network.HexClient.<init>(HexClient.java:29)
	at entrypoint.hexagon_maps.<init>(hexagon_maps.java:13)
	at sun.reflect.NativeConstructorAccessorImpl.newInstance0(Native Method)
	at sun.reflect.NativeConstructorAccessorImpl.newInstance(NativeConstructorAccessorImpl.java:57)
	at sun.reflect.DelegatingConstructorAccessorImpl.newInstance(DelegatingConstructorAccessorImpl.java:45)
	at java.lang.reflect.Constructor.newInstance(Constructor.java:525)
	at java.lang.Class.newInstance0(Class.java:372)
	at java.lang.Class.newInstance(Class.java:325)
	at processing.core.PApplet.runSketch(PApplet.java:10571)
	at processing.core.PApplet.main(PApplet.java:10377)
	at entrypoint.hexagon_maps.main(hexagon_maps.java:57)
	at sun.reflect.NativeMethodAccessorImpl.invoke0(Native Method)
	at sun.reflect.NativeMethodAccessorImpl.invoke(NativeMethodAccessorImpl.java:57)
	at sun.reflect.DelegatingMethodAccessorImpl.invoke(DelegatingMethodAccessorImpl.java:43)
	at java.lang.reflect.Method.invoke(Method.java:601)
	at com.intellij.rt.execution.application.AppMain.main(AppMain.java:120)
[2014.03.11 10:58:54] (Coverage): Error during class instrumentation: exchanges.ActivationFieldAccess
java.lang.ArrayIndexOutOfBoundsException: 5
	at org.jetbrains.asm4.ClassReader.a(Unknown Source)
	at org.jetbrains.asm4.ClassReader.accept(Unknown Source)
	at org.jetbrains.asm4.ClassReader.accept(Unknown Source)
	at com.intellij.rt.coverage.instrumentation.Instrumentator.instrument(Instrumentator.java:158)
	at com.intellij.rt.coverage.instrumentation.Instrumentator.access$000(Instrumentator.java:30)
	at com.intellij.rt.coverage.instrumentation.Instrumentator$1.transform(Instrumentator.java:114)
	at sun.instrument.TransformerManager.transform(TransformerManager.java:188)
	at sun.instrument.InstrumentationImpl.transform(InstrumentationImpl.java:424)
	at java.lang.ClassLoader.defineClass1(Native Method)
	at java.lang.ClassLoader.defineClass(ClassLoader.java:791)
	at java.lang.ClassLoader.defineClass(ClassLoader.java:634)
	at sun.reflect.NativeMethodAccessorImpl.invoke0(Native Method)
	at sun.reflect.NativeMethodAccessorImpl.invoke(NativeMethodAccessorImpl.java:57)
	at sun.reflect.DelegatingMethodAccessorImpl.invoke(DelegatingMethodAccessorImpl.java:43)
	at java.lang.reflect.Method.invoke(Method.java:601)
	at com.esotericsoftware.reflectasm.AccessClassLoader.defineClass(AccessClassLoader.java:42)
	at com.esotericsoftware.reflectasm.FieldAccess.get(FieldAccess.java:130)
	at com.esotericsoftware.kryo.serializers.FieldSerializer.rebuildCachedFields(FieldSerializer.java:104)
	at com.esotericsoftware.kryo.serializers.FieldSerializer.<init>(FieldSerializer.java:50)
	at sun.reflect.NativeConstructorAccessorImpl.newInstance0(Native Method)
	at sun.reflect.NativeConstructorAccessorImpl.newInstance(NativeConstructorAccessorImpl.java:57)
	at sun.reflect.DelegatingConstructorAccessorImpl.newInstance(DelegatingConstructorAccessorImpl.java:45)
	at java.lang.reflect.Constructor.newInstance(Constructor.java:525)
	at com.esotericsoftware.kryo.Kryo.newSerializer(Kryo.java:324)
	at com.esotericsoftware.kryo.Kryo.newDefaultSerializer(Kryo.java:316)
	at com.esotericsoftware.kryo.Kryo.getDefaultSerializer(Kryo.java:309)
	at com.esotericsoftware.kryo.Kryo.register(Kryo.java:353)
	at support.Registry.register(Registry.java:15)
	at framework.network.HexClient.<init>(HexClient.java:29)
	at entrypoint.hexagon_maps.<init>(hexagon_maps.java:13)
	at sun.reflect.NativeConstructorAccessorImpl.newInstance0(Native Method)
	at sun.reflect.NativeConstructorAccessorImpl.newInstance(NativeConstructorAccessorImpl.java:57)
	at sun.reflect.DelegatingConstructorAccessorImpl.newInstance(DelegatingConstructorAccessorImpl.java:45)
	at java.lang.reflect.Constructor.newInstance(Constructor.java:525)
	at java.lang.Class.newInstance0(Class.java:372)
	at java.lang.Class.newInstance(Class.java:325)
	at processing.core.PApplet.runSketch(PApplet.java:10571)
	at processing.core.PApplet.main(PApplet.java:10377)
	at entrypoint.hexagon_maps.main(hexagon_maps.java:57)
	at sun.reflect.NativeMethodAccessorImpl.invoke0(Native Method)
	at sun.reflect.NativeMethodAccessorImpl.invoke(NativeMethodAccessorImpl.java:57)
	at sun.reflect.DelegatingMethodAccessorImpl.invoke(DelegatingMethodAccessorImpl.java:43)
	at java.lang.reflect.Method.invoke(Method.java:601)
	at com.intellij.rt.execution.application.AppMain.main(AppMain.java:120)
